<?xml version="1.0" encoding="UTF-8"?>
<!-- Generated by org.testng.reporters.JUnitReportReporter -->
<testsuite hostname="LAPTOP-DOTQCC1F" failures="0" tests="1" name="com.pages.Demo" time="14.325" errors="0" timestamp="2020-03-25T18:23:38 IST" skipped="0">
  <testcase classname="com.pages.Demo" name="setup" time="14.325"/>
</testsuite> <!-- com.pages.Demo -->
